#
# There is insufficient memory for the Java Runtime Environment to continue.
# Native memory allocation (mmap) failed to map 266338304 bytes for G1 virtual space
# Possible reasons:
#   The system is out of physical RAM or swap space
#   The process is running with CompressedOops enabled, and the Java Heap may be blocking the growth of the native heap
# Possible solutions:
#   Reduce memory load on the system
#   Increase physical memory or swap space
#   Check if swap backing store is full
#   Decrease Java heap size (-Xmx/-Xms)
#   Decrease number of Java threads
#   Decrease Java thread stack sizes (-Xss)
#   Set larger code cache with -XX:ReservedCodeCacheSize=
#   JVM is running with Zero Based Compressed Oops mode in which the Java heap is
#     placed in the first 32GB address space. The Java Heap base address is the
#     maximum limit for the native heap growth. Please use -XX:HeapBaseMinAddress
#     to set the Java Heap base and to place the Java Heap above 32GB virtual address.
# This output file may be truncated or incomplete.
#
#  Out of Memory Error (os_windows.cpp:3530), pid=31276, tid=54584
#
# JRE version:  (18.0.2.1+1) (build )
# Java VM: Java HotSpot(TM) 64-Bit Server VM (18.0.2.1+1-1, mixed mode, sharing, tiered, compressed oops, compressed class ptrs, g1 gc, windows-amd64)
# No core dump will be written. Minidumps are not enabled by default on client versions of Windows
#

---------------  S U M M A R Y ------------

Command Line: -Dfile.encoding=UTF-8 --module-path=D:\OneDrive\Documents\NetBeansProjects\QuintaFeiraNoite\build\classes aula2303.Exemplo13

Host: Intel(R) Core(TM) i7-10750H CPU @ 2.60GHz, 12 cores, 15G,  Windows 11 , 64 bit Build 22621 (10.0.22621.1344)
Time: Thu Mar 23 21:40:26 2023 Hora oficial do Brasil elapsed time: 0.014610 seconds (0d 0h 0m 0s)

---------------  T H R E A D  ---------------

Current thread (0x00000138be14a600):  JavaThread "Unknown thread" [_thread_in_vm, id=54584, stack(0x0000003518a00000,0x0000003518b00000)]

Stack: [0x0000003518a00000,0x0000003518b00000]
Native frames: (J=compiled Java code, j=interpreted, Vv=VM code, C=native code)
V  [jvm.dll+0x6993aa]
V  [jvm.dll+0x7f46dd]
V  [jvm.dll+0x7f5fee]
V  [jvm.dll+0x7f66a3]
V  [jvm.dll+0x25cf1f]
V  [jvm.dll+0x6962f9]
V  [jvm.dll+0x68ae2a]
V  [jvm.dll+0x32255b]
V  [jvm.dll+0x329f36]
V  [jvm.dll+0x37eade]
V  [jvm.dll+0x37ed0f]
V  [jvm.dll+0x2fa2da]
V  [jvm.dll+0x2fb33d]
V  [jvm.dll+0x7c3310]
V  [jvm.dll+0x38be61]
V  [jvm.dll+0x7a2023]
V  [jvm.dll+0x40dc3f]
V  [jvm.dll+0x40f611]
C  [jli.dll+0x526b]
C  [ucrtbase.dll+0x29363]
C  [KERNEL32.DLL+0x126bd]
C  [ntdll.dll+0x5a9f8]


---------------  P R O C E S S  ---------------

Threads class SMR info:
_java_thread_list=0x00007ffd64b5e550, length=0, elements={
}

Java Threads: ( => current thread )

Other Threads:
  0x00000138be1becd0 WorkerThread "GC Thread#0" [stack: 0x0000003518b00000,0x0000003518c00000] [id=42780]
  0x00000138be1cfb60 ConcurrentGCThread "G1 Main Marker" [stack: 0x0000003518c00000,0x0000003518d00000] [id=54488]
  0x00000138be1d0cf0 WorkerThread "G1 Conc#0" [stack: 0x0000003518d00000,0x0000003518e00000] [id=52900]

[error occurred during error reporting (printing all threads), id 0xc0000005, EXCEPTION_ACCESS_VIOLATION (0xc0000005) at pc=0x00007ffd6438a877]

VM state: not at safepoint (not fully initialized)

VM Mutex/Monitor currently owned by a thread:  ([mutex/lock_event])
[0x00000138be146f00] Heap_lock - owner thread: 0x00000138be14a600

Heap address: 0x0000000702000000, size: 4064 MB, Compressed Oops mode: Zero based, Oop shift amount: 3

CDS archive(s) mapped at: [0x0000000000000000-0x0000000000000000-0x0000000000000000), size 0, SharedBaseAddress: 0x0000000800000000, ArchiveRelocationMode: 0.
Narrow klass base: 0x0000000000000000, Narrow klass shift: 0, Narrow klass range: 0x0

GC Precious Log:
 CardTable entry size: 512
 Card Set container configuration: InlinePtr #cards 4 size 8 Array Of Cards #cards 16 size 48 Howl #buckets 8 coarsen threshold 3686 Howl Bitmap #cards 512 size 80 coarsen threshold 460 Card regions per heap region 1 cards per card region 4096

Heap:
 garbage-first heap   total 0K, used 0K [0x0000000702000000, 0x0000000800000000)
  region size 2048K, 0 young (0K), 0 survivors (0K)

[error occurred during error reporting (printing heap information), id 0xc0000005, EXCEPTION_ACCESS_VIOLATION (0xc0000005) at pc=0x00007ffd64771839]

GC Heap History (0 events):
No events

Deoptimization events (0 events):
No events

Classes loaded (0 events):
No events

Classes unloaded (0 events):
No events

Classes redefined (0 events):
No events

Internal exceptions (0 events):
No events

VM Operations (0 events):
No events

Events (1 events):
Event: 0.009 Loaded shared library C:\Program Files\Java\jdk-18.0.2.1\bin\java.dll


Dynamic libraries:
0x00007ff6a16b0000 - 0x00007ff6a16c0000 	C:\Program Files\Java\jdk-18.0.2.1\bin\java.exe
0x00007ffdec530000 - 0x00007ffdec744000 	C:\WINDOWS\SYSTEM32\ntdll.dll
0x00007ffdeb020000 - 0x00007ffdeb0e3000 	C:\WINDOWS\System32\KERNEL32.DLL
0x00007ffde9e50000 - 0x00007ffdea1ec000 	C:\WINDOWS\System32\KERNELBASE.dll
0x00007ffdea220000 - 0x00007ffdea331000 	C:\WINDOWS\System32\ucrtbase.dll
0x00007ffde0cc0000 - 0x00007ffde0cd8000 	C:\Program Files\Java\jdk-18.0.2.1\bin\jli.dll
0x00007ffde1e40000 - 0x00007ffde1e5a000 	C:\Program Files\Java\jdk-18.0.2.1\bin\VCRUNTIME140.dll
0x00007ffdeb280000 - 0x00007ffdeb32e000 	C:\WINDOWS\System32\ADVAPI32.dll
0x00007ffdeada0000 - 0x00007ffdeae47000 	C:\WINDOWS\System32\msvcrt.dll
0x00007ffdea340000 - 0x00007ffdea3e4000 	C:\WINDOWS\System32\sechost.dll
0x00007ffdeb810000 - 0x00007ffdeb925000 	C:\WINDOWS\System32\RPCRT4.dll
0x00007ffdeabe0000 - 0x00007ffdead8d000 	C:\WINDOWS\System32\USER32.dll
0x00007ffdea1f0000 - 0x00007ffdea216000 	C:\WINDOWS\System32\win32u.dll
0x00007ffdeb930000 - 0x00007ffdeb959000 	C:\WINDOWS\System32\GDI32.dll
0x00007ffdc9030000 - 0x00007ffdc92be000 	C:\WINDOWS\WinSxS\amd64_microsoft.windows.common-controls_6595b64144ccf1df_6.0.22621.608_none_a9444ca7c10bb01d\COMCTL32.dll
0x00007ffde9b20000 - 0x00007ffde9c33000 	C:\WINDOWS\System32\gdi32full.dll
0x00007ffde9c40000 - 0x00007ffde9cda000 	C:\WINDOWS\System32\msvcp_win.dll
0x00007ffde3990000 - 0x00007ffde399a000 	C:\WINDOWS\SYSTEM32\VERSION.dll
0x00007ffdeb230000 - 0x00007ffdeb261000 	C:\WINDOWS\System32\IMM32.DLL
0x00007ffde3fa0000 - 0x00007ffde3fac000 	C:\Program Files\Java\jdk-18.0.2.1\bin\vcruntime140_1.dll
0x00007ffdcb410000 - 0x00007ffdcb49d000 	C:\Program Files\Java\jdk-18.0.2.1\bin\msvcp140.dll
0x00007ffd64080000 - 0x00007ffd64c91000 	C:\Program Files\Java\jdk-18.0.2.1\bin\server\jvm.dll
0x00007ffdeb010000 - 0x00007ffdeb018000 	C:\WINDOWS\System32\PSAPI.DLL
0x00007ffde4080000 - 0x00007ffde4089000 	C:\WINDOWS\SYSTEM32\WSOCK32.dll
0x00007ffde2d50000 - 0x00007ffde2d84000 	C:\WINDOWS\SYSTEM32\WINMM.dll
0x00007ffdeb960000 - 0x00007ffdeb9d1000 	C:\WINDOWS\System32\WS2_32.dll
0x00007ffde8a70000 - 0x00007ffde8a88000 	C:\WINDOWS\SYSTEM32\kernel.appcore.dll
0x00007ffde3f80000 - 0x00007ffde3f8a000 	C:\Program Files\Java\jdk-18.0.2.1\bin\jimage.dll
0x00007ffde7320000 - 0x00007ffde754e000 	C:\WINDOWS\SYSTEM32\DBGHELP.DLL
0x00007ffdeb330000 - 0x00007ffdeb6b9000 	C:\WINDOWS\System32\combase.dll
0x00007ffdec040000 - 0x00007ffdec117000 	C:\WINDOWS\System32\OLEAUT32.dll
0x00007ffde20e0000 - 0x00007ffde2112000 	C:\WINDOWS\SYSTEM32\dbgcore.DLL
0x00007ffde9a30000 - 0x00007ffde9aab000 	C:\WINDOWS\System32\bcryptPrimitives.dll
0x00007ffdd2070000 - 0x00007ffdd2095000 	C:\Program Files\Java\jdk-18.0.2.1\bin\java.dll

dbghelp: loaded successfully - version: 4.0.5 - missing functions: none
symbol engine: initialized successfully - sym options: 0x614 - pdb path: .;C:\Program Files\Java\jdk-18.0.2.1\bin;C:\WINDOWS\SYSTEM32;C:\WINDOWS\WinSxS\amd64_microsoft.windows.common-controls_6595b64144ccf1df_6.0.22621.608_none_a9444ca7c10bb01d;C:\Program Files\Java\jdk-18.0.2.1\bin\server

VM Arguments:
jvm_args: -Dfile.encoding=UTF-8 --module-path=D:\OneDrive\Documents\NetBeansProjects\QuintaFeiraNoite\build\classes 
java_command: aula2303.Exemplo13
java_class_path (initial): D:\OneDrive\Documents\NetBeansProjects\QuintaFeiraNoite\build\classes
Launcher Type: SUN_STANDARD

[Global flags]
     intx CICompilerCount                          = 4                                         {product} {ergonomic}
     uint ConcGCThreads                            = 3                                         {product} {ergonomic}
     uint G1ConcRefinementThreads                  = 10                                        {product} {ergonomic}
   size_t G1HeapRegionSize                         = 2097152                                   {product} {ergonomic}
    uintx GCDrainStackTargetSize                   = 64                                        {product} {ergonomic}
   size_t InitialHeapSize                          = 266338304                                 {product} {ergonomic}
   size_t MarkStackSize                            = 4194304                                   {product} {ergonomic}
   size_t MaxHeapSize                              = 4261412864                                {product} {ergonomic}
   size_t MinHeapDeltaBytes                        = 2097152                                   {product} {ergonomic}
   size_t MinHeapSize                              = 8388608                                   {product} {ergonomic}
    uintx NonNMethodCodeHeapSize                   = 5839372                                {pd product} {ergonomic}
    uintx NonProfiledCodeHeapSize                  = 122909434                              {pd product} {ergonomic}
    uintx ProfiledCodeHeapSize                     = 122909434                              {pd product} {ergonomic}
    uintx ReservedCodeCacheSize                    = 251658240                              {pd product} {ergonomic}
     bool SegmentedCodeCache                       = true                                      {product} {ergonomic}
   size_t SoftMaxHeapSize                          = 4261412864                             {manageable} {ergonomic}
     bool UseCompressedClassPointers               = true                           {product lp64_product} {ergonomic}
     bool UseCompressedOops                        = true                           {product lp64_product} {ergonomic}
     bool UseG1GC                                  = true                                      {product} {ergonomic}
     bool UseLargePagesIndividualAllocation        = false                                  {pd product} {ergonomic}

Logging:
Log output configuration:
 #0: stdout all=warning uptime,level,tags foldmultilines=false
 #1: stderr all=off uptime,level,tags foldmultilines=false

Environment Variables:
PATH=C:\Program Files\Common Files\Oracle\Java\javapath;C:\Program Files (x86)\Common Files\Oracle\Java\javapath;C:\Windows\system32;C:\Windows;C:\Windows\System32\Wbem;C:\Windows\System32\WindowsPowerShell\v1.0\;C:\Windows\System32\OpenSSH\;C:\Program Files (x86)\NVIDIA Corporation\PhysX\Common;C:\Program Files\NVIDIA Corporation\NVIDIA NvDLISR;C:\WINDOWS\system32;C:\WINDOWS;C:\WINDOWS\System32\Wbem;C:\WINDOWS\System32\WindowsPowerShell\v1.0\;C:\WINDOWS\System32\OpenSSH\;C:\Program Files\Microsoft SQL Server\120\Tools\Binn\;C:\Program Files\Common Files\Autodesk Shared\;C:\Program Files\dotnet\;C:\Program Files\MySQL\MySQL Shell 8.0\bin\;C:\Users\joaof\AppData\Local\Microsoft\WindowsApps;C:\Program Files\JetBrains\PyCharm Community Edition 2022.2.1\bin;;C:\Program Files\JetBrains\IntelliJ IDEA Community Edition 2022.3.1\bin;;C:\ProgramData\joaof\GitHubDesktop\bin;C:\Users\joaof\AppData\Local\Programs\Microsoft VS Code\bin
USERNAME=joaof
OS=Windows_NT
PROCESSOR_IDENTIFIER=Intel64 Family 6 Model 165 Stepping 2, GenuineIntel



---------------  S Y S T E M  ---------------

OS:
 Windows 11 , 64 bit Build 22621 (10.0.22621.1344)
OS uptime: 8 days 12:15 hours
Hyper-V role detected

CPU: total 12 (initial active 12) (6 cores per cpu, 2 threads per core) family 6 model 165 stepping 2 microcode 0xea, cx8, cmov, fxsr, ht, mmx, 3dnowpref, sse, sse2, sse3, ssse3, sse4.1, sse4.2, popcnt, lzcnt, tsc, tscinvbit, avx, avx2, aes, erms, clmul, bmi1, bmi2, adx, fma, vzeroupper, clflush, clflushopt, hv

Memory: 4k page, system-wide physical 16251M (274M free)
TotalPageFile size 46599M (AvailPageFile size 100M)
current process WorkingSet (physical memory assigned to process): 11M, peak: 11M
current process commit charge ("private bytes"): 64M, peak: 318M

vm_info: Java HotSpot(TM) 64-Bit Server VM (18.0.2.1+1-1) for windows-amd64 JRE (18.0.2.1+1-1), built on Aug 16 2022 01:46:33 by "mach5one" with MS VC++ 16.8 / 16.9 (VS2019)

END.
